<?xml version="1.0" encoding="UTF-8"?>
<!-- Generated by org.testng.reporters.JUnitXMLReporter -->
<testsuite ignored="0" hostname="C12938" failures="1" tests="1" name="Locked Out User Test" time="9.174" errors="0" timestamp="2023-03-08T01:26:47 TRT">
  <testcase classname="tests.web.LockedOutUserTest" name="sortingTest" time="2.722">
    <failure type="java.lang.AssertionError" message="Verification of Inventory page expected [true] but found [false]">
      <![CDATA[java.lang.AssertionError: Verification of Inventory page expected [true] but found [false]
at tests.web.LockedOutUserTest.sortingTest(LockedOutUserTest.java:21)
at java.base/java.util.ArrayList.forEach(ArrayList.java:1511)
at java.base/java.util.concurrent.FutureTask.run(FutureTask.java:264)
at java.base/java.util.concurrent.ThreadPoolExecutor.runWorker(ThreadPoolExecutor.java:1136)
at java.base/java.util.concurrent.ThreadPoolExecutor$Worker.run(ThreadPoolExecutor.java:635)
at java.base/java.lang.Thread.run(Thread.java:833)
... Removed 20 stack frames]]>
    </failure>
  </testcase> <!-- sortingTest -->
</testsuite> <!-- Locked Out User Test -->
