<?xml version="1.0" encoding="UTF-8"?>
<!-- Generated by org.testng.reporters.JUnitXMLReporter -->
<testsuite ignored="4" hostname="richardssaji-MacBook-Pro" failures="0" tests="6" name="Frontend Test" time="12.099" errors="0" timestamp="2023-01-20T17:29:52 CET">
  <testcase classname="tests.LoginPageTest" name="verifyInvalidLoginCredentials" time="3.736"/>
  <testcase classname="tests.LoginPageTest" name="verifyInvalidLoginCredentials" time="1.275"/>
  <testcase classname="tests.LoginPageTest" name="verifyLogin" time="2.565"/>
  <testcase classname="tests.InventoryTest" name="verifyRemovingFromCart" time="0.542"/>
  <testcase classname="tests.InventoryTest" name="verifyaddItemToCart" time="1.269"/>
  <testcase classname="tests.CheckoutTest" name="verifyCheckingOutAnItem" time="2.696"/>
  <testcase classname="pages.BasePage" name="@AfterSuite tearDown" time="0.0">
    <ignored/>
  </testcase> <!-- @AfterSuite tearDown -->
  <testcase classname="pages.BasePage" name="@AfterSuite tearDown" time="0.0">
    <ignored/>
  </testcase> <!-- @AfterSuite tearDown -->
  <testcase classname="pages.BasePage" name="@BeforeSuite setup1" time="0.0">
    <ignored/>
  </testcase> <!-- @BeforeSuite setup1 -->
  <testcase classname="pages.BasePage" name="@BeforeSuite setup1" time="0.0">
    <ignored/>
  </testcase> <!-- @BeforeSuite setup1 -->
</testsuite> <!-- Frontend Test -->
