<?xml version="1.0" encoding="UTF-8"?>
<testng-results ignored="4" total="10" passed="6" failed="0" skipped="0">
  <reporter-output>
  </reporter-output>
  <suite started-at="2023-01-20T17:29:40 CET" name="Test Suite" finished-at="2023-01-20T17:29:52 CET" duration-ms="12099">
    <groups>
    </groups>
    <test started-at="2023-01-20T17:29:40 CET" name="Frontend Test" finished-at="2023-01-20T17:29:52 CET" duration-ms="12099">
      <class name="tests.InventoryTest">
        <test-method signature="verifyRemovingFromCart()[pri:2, instance:tests.InventoryTest@37574691]" started-at="2023-01-20T17:29:48 CET" name="verifyRemovingFromCart" description="Remove from cart" finished-at="2023-01-20T17:29:48 CET" duration-ms="542" status="PASS">
          <reporter-output>
          </reporter-output>
        </test-method> <!-- verifyRemovingFromCart -->
        <test-method signature="verifyaddItemToCart()[pri:3, instance:tests.InventoryTest@37574691]" started-at="2023-01-20T17:29:48 CET" name="verifyaddItemToCart" description="Add to cart" finished-at="2023-01-20T17:29:49 CET" duration-ms="1269" status="PASS">
          <reporter-output>
          </reporter-output>
        </test-method> <!-- verifyaddItemToCart -->
      </class> <!-- tests.InventoryTest -->
      <class name="tests.LoginPageTest">
        <test-method is-config="true" signature="setup1(org.testng.ITestContext, java.lang.String)[pri:0, instance:tests.LoginPageTest@31206beb]" started-at="2023-01-20T17:29:31 CET" name="setup1" finished-at="2023-01-20T17:29:40 CET" duration-ms="8715" status="PASS">
          <params>
            <param index="0">
              <value>
                <![CDATA[org.testng.TestRunner@2849434b]]>
              </value>
            </param>
            <param index="1">
              <value>
                <![CDATA[https://www.saucedemo.com/]]>
              </value>
            </param>
          </params>
          <reporter-output>
          </reporter-output>
        </test-method> <!-- setup1 -->
        <test-method signature="verifyInvalidLoginCredentials(java.lang.String, java.lang.String)[pri:0, instance:tests.LoginPageTest@31206beb]" started-at="2023-01-20T17:29:40 CET" name="verifyInvalidLoginCredentials" description="Validate login_negative" data-provider="accounts" finished-at="2023-01-20T17:29:44 CET" duration-ms="3736" status="PASS">
          <params>
            <param index="0">
              <value>
                <![CDATA[locked_out_user]]>
              </value>
            </param>
            <param index="1">
              <value>
                <![CDATA[secret_sauce]]>
              </value>
            </param>
          </params>
          <reporter-output>
          </reporter-output>
        </test-method> <!-- verifyInvalidLoginCredentials -->
        <test-method signature="verifyInvalidLoginCredentials(java.lang.String, java.lang.String)[pri:0, instance:tests.LoginPageTest@31206beb]" started-at="2023-01-20T17:29:44 CET" name="verifyInvalidLoginCredentials" description="Validate login_negative" data-provider="accounts" finished-at="2023-01-20T17:29:45 CET" duration-ms="1275" status="PASS">
          <params>
            <param index="0">
              <value>
                <![CDATA[incorrectuser]]>
              </value>
            </param>
            <param index="1">
              <value>
                <![CDATA[secret_sauce]]>
              </value>
            </param>
          </params>
          <reporter-output>
          </reporter-output>
        </test-method> <!-- verifyInvalidLoginCredentials -->
        <test-method signature="verifyLogin(java.lang.String, java.lang.String, java.lang.String)[pri:0, instance:tests.LoginPageTest@31206beb]" started-at="2023-01-20T17:29:45 CET" name="verifyLogin" description="login_Positive" finished-at="2023-01-20T17:29:48 CET" duration-ms="2565" status="PASS">
          <params>
            <param index="0">
              <value>
                <![CDATA[standard_user]]>
              </value>
            </param>
            <param index="1">
              <value>
                <![CDATA[secret_sauce]]>
              </value>
            </param>
            <param index="2">
              <value>
                <![CDATA[https://www.saucedemo.com/inventory.html]]>
              </value>
            </param>
          </params>
          <reporter-output>
          </reporter-output>
        </test-method> <!-- verifyLogin -->
        <test-method is-config="true" signature="tearDown()[pri:0, instance:tests.LoginPageTest@31206beb]" started-at="2023-01-20T17:29:52 CET" name="tearDown" finished-at="2023-01-20T17:29:52 CET" duration-ms="100" status="PASS">
          <reporter-output>
          </reporter-output>
        </test-method> <!-- tearDown -->
      </class> <!-- tests.LoginPageTest -->
      <class name="tests.CheckoutTest">
        <test-method signature="verifyCheckingOutAnItem()[pri:0, instance:tests.CheckoutTest@25359ed8]" started-at="2023-01-20T17:29:49 CET" name="verifyCheckingOutAnItem" description="Checkout E2E" finished-at="2023-01-20T17:29:52 CET" duration-ms="2696" status="PASS">
          <reporter-output>
          </reporter-output>
        </test-method> <!-- verifyCheckingOutAnItem -->
      </class> <!-- tests.CheckoutTest -->
    </test> <!-- Frontend Test -->
  </suite> <!-- Test Suite -->
</testng-results>
