<?xml version="1.0" encoding="UTF-8"?>
<testsuite xmlns:xsi="http://www.w3.org/2001/XMLSchema-instance" xsi:noNamespaceSchemaLocation="https://maven.apache.org/surefire/maven-surefire-plugin/xsd/surefire-test-report-3.0.xsd" version="3.0" name="TestSuite" time="48.532" tests="4" errors="0" skipped="0" failures="1">
  <properties>
[...]
</properties>
  <testcase name="FirstTest[CompleteYourOrder, Login with standard user verify successfully ordered, standard_user, Sauce Labs Backpack, Sauce Labs Bike Light](1)" classname="tests.web.OrderSuccessTest" time="8.186">
    <system-out><![CDATA[[&amp#27;[32mINFO &amp#27;[m] 2023-03-08 01:25:59,715 TestNGListener.beforeInvocation() - TestNG Before Invocation calisti..
[&amp#27;[32mINFO &amp#27;[m] 2023-03-08 01:25:59,718 TestBase.beforeSuite() - Running Before Suite.. Setting XML and FrameworkConfig values..
[&amp#27;[32mINFO &amp#27;[m] 2023-03-08 01:25:59,718 FrameworkInitialization.readBrowserConfig() - config.properties reading is successfully..
[&amp#27;[32mINFO &amp#27;[m] 2023-03-08 01:25:59,718 TestBase.initializeConfig() - TestNG XML values are initialized successfully..
[&amp#27;[32mINFO &amp#27;[m] 2023-03-08 01:25:59,719 TestBase.initializeConfig() - GRIDURL: http://localhost:4444
[&amp#27;[32mINFO &amp#27;[m] 2023-03-08 01:25:59,719 TestBase.initializeConfig() - REMOTE: false
[&amp#27;[32mINFO &amp#27;[m] 2023-03-08 01:25:59,719 TestBase.initializeConfig() - BROWSERTYPE: CHROME
[&amp#27;[32mINFO &amp#27;[m] 2023-03-08 01:25:59,719 TestBase.initializeConfig() - SUITE NAME : Ingenious SauceDemo QA Project Test Suite
[&amp#27;[32mINFO &amp#27;[m] 2023-03-08 01:25:59,719 TestBase.beforeSuite() - Before Suite ended successfully...
[&amp#27;[32mINFO &amp#27;[m] 2023-03-08 01:25:59,719 TestNGListener.afterInvocation() - TestNG After Invocation calisti..
On Test Start
[&amp#27;[32mINFO &amp#27;[m] 2023-03-08 01:25:59,728 TestNGListener.beforeInvocation() - TestNG Before Invocation calisti..
[&amp#27;[32mINFO &amp#27;[m] 2023-03-08 01:25:59,728 TestNGListener.afterInvocation() - TestNG After Invocation calisti..
[&amp#27;[32mINFO &amp#27;[m] 2023-03-08 01:25:59,948 ExcelUtil.getExcelData() - Read Data from Excel File..
[&amp#27;[32mINFO &amp#27;[m] 2023-03-08 01:25:59,951 TestNGListener.beforeInvocation() - TestNG Before Invocation calisti..
[&amp#27;[32mINFO &amp#27;[m] 2023-03-08 01:25:59,951 TestBase.beforeMethod() - Running Before Method..
[&amp#27;[32mINFO &amp#27;[m] 2023-03-08 01:25:59,952 FrameworkInitialization.readBrowserConfig() - config.properties reading is successfully..
[&amp#27;[32mINFO &amp#27;[m] 2023-03-08 01:25:59,952 FrameworkInitialization.readBrowserConfig() - chrome.properties reading is successfully..
[&amp#27;[32mINFO &amp#27;[m] 2023-03-08 01:25:59,952 FrameworkInitialization.InitializeBrowser() - Operating System: mac os x
[&amp#27;[32mINFO &amp#27;[m] 2023-03-08 01:26:07,330 FrameworkInitialization.InitializeBrowser() - Chrome driver successfully initialized in LOCAL...
[&amp#27;[32mINFO &amp#27;[m] 2023-03-08 01:26:08,820 TestBase.beforeMethod() - Driver navigate To URL: https://www.saucedemo.com
[&amp#27;[32mINFO &amp#27;[m] 2023-03-08 01:26:09,307 TestBase.beforeMethod() - Before Method ended successfully...
[&amp#27;[32mINFO &amp#27;[m] 2023-03-08 01:26:09,308 TestNGListener.afterInvocation() - TestNG After Invocation calisti..
On Test Start
[&amp#27;[32mINFO &amp#27;[m] 2023-03-08 01:26:09,309 TestNGListener.beforeInvocation() - TestNG Before Invocation calisti..
[&amp#27;[32mINFO &amp#27;[m] 2023-03-08 01:26:09,452 DriverContext.WaitForPageToLoad() - Page is ready..
[&amp#27;[32mINFO &amp#27;[m] 2023-03-08 01:26:09,454 LoginPage.setUsername() - Setting User Name: standard_user
[&amp#27;[32mINFO &amp#27;[m] 2023-03-08 01:26:10,293 LoginPage.setPassword() - Setting Password: secret_sauce
[&amp#27;[32mINFO &amp#27;[m] 2023-03-08 01:26:10,402 LoginPage.clickLogin() - Clicking Login button..
[&amp#27;[32mINFO &amp#27;[m] 2023-03-08 01:26:12,838 InventoryPage.cartOperationForItemNameDynamically() - Finding item and clicking ADD button for cart..
[&amp#27;[32mINFO &amp#27;[m] 2023-03-08 01:26:13,210 InventoryPage.cartOperationForItemNameDynamically() - Finding item and clicking ADD button for cart..
[&amp#27;[32mINFO &amp#27;[m] 2023-03-08 01:26:13,422 InventoryPage.clickGotoCart() - Clicking Go to cart button..
[&amp#27;[32mINFO &amp#27;[m] 2023-03-08 01:26:13,875 InventoryPage.cartOperationForItemNameDynamically() - Finding item and clicking REMOVE button for cart..
[&amp#27;[32mINFO &amp#27;[m] 2023-03-08 01:26:14,019 CartPage.getCartItemPrice() - Getting text of cart item price..
[&amp#27;[32mINFO &amp#27;[m] 2023-03-08 01:26:14,107 CartPage.clickCheckout() - Clicking Checkout button..
[&amp#27;[32mINFO &amp#27;[m] 2023-03-08 01:26:14,541 CheckoutStepOnePage.verifyCheckoutStepOnePageUrl() - Getting Checkout Step One page url for verification..
[&amp#27;[32mINFO &amp#27;[m] 2023-03-08 01:26:14,553 DriverContext.WaitForPageToLoad() - Page is ready..
[&amp#27;[32mINFO &amp#27;[m] 2023-03-08 01:26:14,553 CheckoutStepOnePage.setFirstName() - Setting First Name: John
[&amp#27;[32mINFO &amp#27;[m] 2023-03-08 01:26:14,974 CheckoutStepOnePage.setLastName() - Setting Last Name: Doe
[&amp#27;[32mINFO &amp#27;[m] 2023-03-08 01:26:15,166 CheckoutStepOnePage.setPostalCode() - Setting Postal Code: 12345
[&amp#27;[32mINFO &amp#27;[m] 2023-03-08 01:26:16,806 CheckoutStepOnePage.clickContinue() - Clicking Continue button..
[&amp#27;[32mINFO &amp#27;[m] 2023-03-08 01:26:17,319 CheckoutStepTwoPage.verifyCheckoutStepTwoPageUrl() - Getting Checkout Step Two page url for verification..
[&amp#27;[32mINFO &amp#27;[m] 2023-03-08 01:26:17,331 CheckoutStepTwoPage.getSummarySubTotal() - Getting summary sub total price..
[&amp#27;[32mINFO &amp#27;[m] 2023-03-08 01:26:17,362 CheckoutStepTwoPage.clickFinish() - Clicking Finish button..
[&amp#27;[32mINFO &amp#27;[m] 2023-03-08 01:26:17,440 CheckoutCompletePage.getCheckoutCompleteHeaderText() - Getting Checkout complete page header text for verification..
[&amp#27;[32mINFO &amp#27;[m] 2023-03-08 01:26:17,459 CheckoutCompletePage.getCheckoutCompleteTitle() - Getting Checkout complete page title text for verification..
[&amp#27;[32mINFO &amp#27;[m] 2023-03-08 01:26:17,476 CheckoutCompletePage.getCheckoutCompleteText() - Getting Checkout complete page text for verification..
[&amp#27;[32mINFO &amp#27;[m] 2023-03-08 01:26:17,493 TestNGListener.afterInvocation() - TestNG After Invocation calisti..
On Test Sucess
]]></system-out>
    <system-err><![CDATA[SLF4J: Failed to load class "org.slf4j.impl.StaticLoggerBinder".
SLF4J: Defaulting to no-operation (NOP) logger implementation
SLF4J: See http://www.slf4j.org/codes.html#StaticLoggerBinder for further details.
Starting ChromeDriver 110.0.5481.77 (65ed616c6e8ee3fe0ad64fe83796c020644d42af-refs/branch-heads/5481@{#839}) on port 19031
Only local connections are allowed.
Please see https://chromedriver.chromium.org/security-considerations for suggestions on keeping ChromeDriver safe.
ChromeDriver was started successfully.
[1678227966.935][WARNING]: virtual void DevToolsClientImpl::AddListener(DevToolsEventListener *) subscribing a listener to the already connected DevToolsClient. Connection notification will not arrive.
Mar 08, 2023 1:26:07 AM org.openqa.selenium.devtools.CdpVersionFinder findNearestMatch
WARNING: Unable to find an exact match for CDP version 110, so returning the closest version found: 109
]]></system-err>
  </testcase>
  <testcase name="sortingTest[SortByProductName, Login with standard user and sort items with their name, standard_user, Name (A to Z)](1)" classname="tests.web.SortingTests" time="3.525">
    <system-out><![CDATA[[&amp#27;[32mINFO &amp#27;[m] 2023-03-08 01:26:17,494 TestNGListener.beforeInvocation() - TestNG Before Invocation calisti..
[&amp#27;[32mINFO &amp#27;[m] 2023-03-08 01:26:17,494 TestBase.afterMethod() - Running After Method.. Preparing reports..
[&amp#27;[32mINFO &amp#27;[m] 2023-03-08 01:26:17,622 TestBase.afterMethod() - Successfully quit Webdriver..
[&amp#27;[32mINFO &amp#27;[m] 2023-03-08 01:26:17,622 TestBase.afterMethod() - Report is prepared and ready to check results..
[&amp#27;[32mINFO &amp#27;[m] 2023-03-08 01:26:17,622 TestNGListener.afterInvocation() - TestNG After Invocation calisti..
On Test Finish
On Test Start
[&amp#27;[32mINFO &amp#27;[m] 2023-03-08 01:26:17,737 TestNGListener.beforeInvocation() - TestNG Before Invocation calisti..
[&amp#27;[32mINFO &amp#27;[m] 2023-03-08 01:26:17,737 TestNGListener.afterInvocation() - TestNG After Invocation calisti..
[&amp#27;[32mINFO &amp#27;[m] 2023-03-08 01:26:17,752 ExcelUtil.getExcelData() - Read Data from Excel File..
[&amp#27;[32mINFO &amp#27;[m] 2023-03-08 01:26:17,753 TestNGListener.beforeInvocation() - TestNG Before Invocation calisti..
[&amp#27;[32mINFO &amp#27;[m] 2023-03-08 01:26:17,753 TestBase.beforeMethod() - Running Before Method..
[&amp#27;[32mINFO &amp#27;[m] 2023-03-08 01:26:17,753 FrameworkInitialization.readBrowserConfig() - config.properties reading is successfully..
[&amp#27;[32mINFO &amp#27;[m] 2023-03-08 01:26:17,754 FrameworkInitialization.readBrowserConfig() - chrome.properties reading is successfully..
[&amp#27;[32mINFO &amp#27;[m] 2023-03-08 01:26:17,754 FrameworkInitialization.InitializeBrowser() - Operating System: mac os x
[&amp#27;[32mINFO &amp#27;[m] 2023-03-08 01:26:22,284 FrameworkInitialization.InitializeBrowser() - Chrome driver successfully initialized in LOCAL...
[&amp#27;[32mINFO &amp#27;[m] 2023-03-08 01:26:23,756 TestBase.beforeMethod() - Driver navigate To URL: https://www.saucedemo.com
[&amp#27;[32mINFO &amp#27;[m] 2023-03-08 01:26:24,221 TestBase.beforeMethod() - Before Method ended successfully...
[&amp#27;[32mINFO &amp#27;[m] 2023-03-08 01:26:24,222 TestNGListener.afterInvocation() - TestNG After Invocation calisti..
On Test Start
[&amp#27;[32mINFO &amp#27;[m] 2023-03-08 01:26:24,222 TestNGListener.beforeInvocation() - TestNG Before Invocation calisti..
[&amp#27;[32mINFO &amp#27;[m] 2023-03-08 01:26:24,254 DriverContext.WaitForPageToLoad() - Page is ready..
[&amp#27;[32mINFO &amp#27;[m] 2023-03-08 01:26:24,255 LoginPage.setUsername() - Setting User Name: standard_user
[&amp#27;[32mINFO &amp#27;[m] 2023-03-08 01:26:25,053 LoginPage.setPassword() - Setting Password: secret_sauce
[&amp#27;[32mINFO &amp#27;[m] 2023-03-08 01:26:25,175 LoginPage.clickLogin() - Clicking Login button..
[&amp#27;[32mINFO &amp#27;[m] 2023-03-08 01:26:27,409 InventoryPage.selectSortType() - Finding sorting select options..
[&amp#27;[32mINFO &amp#27;[m] 2023-03-08 01:26:27,747 TestNGListener.afterInvocation() - TestNG After Invocation calisti..
On Test Sucess
]]></system-out>
    <system-err><![CDATA[Starting ChromeDriver 110.0.5481.77 (65ed616c6e8ee3fe0ad64fe83796c020644d42af-refs/branch-heads/5481@{#839}) on port 41454
Only local connections are allowed.
Please see https://chromedriver.chromium.org/security-considerations for suggestions on keeping ChromeDriver safe.
ChromeDriver was started successfully.
[1678227982.061][WARNING]: virtual void DevToolsClientImpl::AddListener(DevToolsEventListener *) subscribing a listener to the already connected DevToolsClient. Connection notification will not arrive.
Mar 08, 2023 1:26:22 AM org.openqa.selenium.devtools.CdpVersionFinder findNearestMatch
WARNING: Unable to find an exact match for CDP version 110, so returning the closest version found: 109
]]></system-err>
  </testcase>
  <testcase name="sortingTest[SortByProductPrice, Login with standard user and sort items with their price, standard_user, Price (low to high)](2)" classname="tests.web.SortingTests" time="4.105">
    <system-out><![CDATA[[&amp#27;[32mINFO &amp#27;[m] 2023-03-08 01:26:27,748 TestNGListener.beforeInvocation() - TestNG Before Invocation calisti..
[&amp#27;[32mINFO &amp#27;[m] 2023-03-08 01:26:27,748 TestBase.afterMethod() - Running After Method.. Preparing reports..
[&amp#27;[32mINFO &amp#27;[m] 2023-03-08 01:26:27,870 TestBase.afterMethod() - Successfully quit Webdriver..
[&amp#27;[32mINFO &amp#27;[m] 2023-03-08 01:26:27,870 TestBase.afterMethod() - Report is prepared and ready to check results..
[&amp#27;[32mINFO &amp#27;[m] 2023-03-08 01:26:27,870 TestNGListener.afterInvocation() - TestNG After Invocation calisti..
[&amp#27;[32mINFO &amp#27;[m] 2023-03-08 01:26:27,871 TestNGListener.beforeInvocation() - TestNG Before Invocation calisti..
[&amp#27;[32mINFO &amp#27;[m] 2023-03-08 01:26:27,871 TestBase.beforeMethod() - Running Before Method..
[&amp#27;[32mINFO &amp#27;[m] 2023-03-08 01:26:27,872 FrameworkInitialization.readBrowserConfig() - config.properties reading is successfully..
[&amp#27;[32mINFO &amp#27;[m] 2023-03-08 01:26:27,872 FrameworkInitialization.readBrowserConfig() - chrome.properties reading is successfully..
[&amp#27;[32mINFO &amp#27;[m] 2023-03-08 01:26:27,872 FrameworkInitialization.InitializeBrowser() - Operating System: mac os x
[&amp#27;[32mINFO &amp#27;[m] 2023-03-08 01:26:32,406 FrameworkInitialization.InitializeBrowser() - Chrome driver successfully initialized in LOCAL...
[&amp#27;[32mINFO &amp#27;[m] 2023-03-08 01:26:33,918 TestBase.beforeMethod() - Driver navigate To URL: https://www.saucedemo.com
[&amp#27;[32mINFO &amp#27;[m] 2023-03-08 01:26:34,381 TestBase.beforeMethod() - Before Method ended successfully...
[&amp#27;[32mINFO &amp#27;[m] 2023-03-08 01:26:34,381 TestNGListener.afterInvocation() - TestNG After Invocation calisti..
On Test Start
[&amp#27;[32mINFO &amp#27;[m] 2023-03-08 01:26:34,381 TestNGListener.beforeInvocation() - TestNG Before Invocation calisti..
[&amp#27;[32mINFO &amp#27;[m] 2023-03-08 01:26:34,407 DriverContext.WaitForPageToLoad() - Page is ready..
[&amp#27;[32mINFO &amp#27;[m] 2023-03-08 01:26:34,407 LoginPage.setUsername() - Setting User Name: standard_user
[&amp#27;[32mINFO &amp#27;[m] 2023-03-08 01:26:35,290 LoginPage.setPassword() - Setting Password: secret_sauce
[&amp#27;[32mINFO &amp#27;[m] 2023-03-08 01:26:35,436 LoginPage.clickLogin() - Clicking Login button..
[&amp#27;[32mINFO &amp#27;[m] 2023-03-08 01:26:37,747 InventoryPage.selectSortType() - Finding sorting select options..
[&amp#27;[32mINFO &amp#27;[m] 2023-03-08 01:26:38,485 TestNGListener.afterInvocation() - TestNG After Invocation calisti..
On Test Sucess
]]></system-out>
    <system-err><![CDATA[Starting ChromeDriver 110.0.5481.77 (65ed616c6e8ee3fe0ad64fe83796c020644d42af-refs/branch-heads/5481@{#839}) on port 3491
Only local connections are allowed.
Please see https://chromedriver.chromium.org/security-considerations for suggestions on keeping ChromeDriver safe.
ChromeDriver was started successfully.
[1678227992.134][WARNING]: virtual void DevToolsClientImpl::AddListener(DevToolsEventListener *) subscribing a listener to the already connected DevToolsClient. Connection notification will not arrive.
Mar 08, 2023 1:26:32 AM org.openqa.selenium.devtools.CdpVersionFinder findNearestMatch
WARNING: Unable to find an exact match for CDP version 110, so returning the closest version found: 109
]]></system-err>
  </testcase>
  <testcase name="sortingTest[LockedOutUserTest, Login with locked out user to check validation will fail, locked_out_user](1)" classname="tests.web.LockedOutUserTest" time="2.936">
    <failure message="Verification of Inventory page expected [true] but found [false]" type="java.lang.AssertionError"><![CDATA[java.lang.AssertionError: Verification of Inventory page expected [true] but found [false]
	at org.testng.Assert.fail(Assert.java:110)
	at org.testng.Assert.failNotEquals(Assert.java:1577)
	at org.testng.Assert.assertTrue(Assert.java:56)
	at tests.web.LockedOutUserTest.sortingTest(LockedOutUserTest.java:21)
	at java.base/jdk.internal.reflect.NativeMethodAccessorImpl.invoke0(Native Method)
	at java.base/jdk.internal.reflect.NativeMethodAccessorImpl.invoke(NativeMethodAccessorImpl.java:77)
	at java.base/jdk.internal.reflect.DelegatingMethodAccessorImpl.invoke(DelegatingMethodAccessorImpl.java:43)
	at java.base/java.lang.reflect.Method.invoke(Method.java:568)
	at org.testng.internal.invokers.MethodInvocationHelper.invokeMethod(MethodInvocationHelper.java:139)
	at org.testng.internal.invokers.TestInvoker.invokeMethod(TestInvoker.java:677)
	at org.testng.internal.invokers.TestInvoker.invokeTestMethod(TestInvoker.java:221)
	at org.testng.internal.invokers.MethodRunner.runInSequence(MethodRunner.java:50)
	at org.testng.internal.invokers.TestInvoker$MethodInvocationAgent.invoke(TestInvoker.java:969)
	at org.testng.internal.invokers.TestInvoker.invokeTestMethods(TestInvoker.java:194)
	at org.testng.internal.invokers.TestMethodWorker.invokeTestMethods(TestMethodWorker.java:148)
	at org.testng.internal.invokers.TestMethodWorker.run(TestMethodWorker.java:128)
	at java.base/java.util.ArrayList.forEach(ArrayList.java:1511)
	at org.testng.TestRunner.privateRun(TestRunner.java:829)
	at org.testng.TestRunner.run(TestRunner.java:602)
	at org.testng.SuiteRunner.runTest(SuiteRunner.java:437)
	at org.testng.SuiteRunner$SuiteWorker.run(SuiteRunner.java:475)
	at org.testng.internal.thread.ThreadUtil.lambda$execute$0(ThreadUtil.java:58)
	at java.base/java.util.concurrent.FutureTask.run(FutureTask.java:264)
	at java.base/java.util.concurrent.ThreadPoolExecutor.runWorker(ThreadPoolExecutor.java:1136)
	at java.base/java.util.concurrent.ThreadPoolExecutor$Worker.run(ThreadPoolExecutor.java:635)
	at java.base/java.lang.Thread.run(Thread.java:833)
]]></failure>
    <system-out><![CDATA[[&amp#27;[32mINFO &amp#27;[m] 2023-03-08 01:26:38,486 TestNGListener.beforeInvocation() - TestNG Before Invocation calisti..
[&amp#27;[32mINFO &amp#27;[m] 2023-03-08 01:26:38,486 TestBase.afterMethod() - Running After Method.. Preparing reports..
[&amp#27;[32mINFO &amp#27;[m] 2023-03-08 01:26:38,593 TestBase.afterMethod() - Successfully quit Webdriver..
[&amp#27;[32mINFO &amp#27;[m] 2023-03-08 01:26:38,593 TestBase.afterMethod() - Report is prepared and ready to check results..
[&amp#27;[32mINFO &amp#27;[m] 2023-03-08 01:26:38,593 TestNGListener.afterInvocation() - TestNG After Invocation calisti..
On Test Finish
On Test Start
[&amp#27;[32mINFO &amp#27;[m] 2023-03-08 01:26:38,621 TestNGListener.beforeInvocation() - TestNG Before Invocation calisti..
[&amp#27;[32mINFO &amp#27;[m] 2023-03-08 01:26:38,621 TestNGListener.afterInvocation() - TestNG After Invocation calisti..
[&amp#27;[32mINFO &amp#27;[m] 2023-03-08 01:26:38,634 ExcelUtil.getExcelData() - Read Data from Excel File..
[&amp#27;[32mINFO &amp#27;[m] 2023-03-08 01:26:38,634 TestNGListener.beforeInvocation() - TestNG Before Invocation calisti..
[&amp#27;[32mINFO &amp#27;[m] 2023-03-08 01:26:38,635 TestBase.beforeMethod() - Running Before Method..
[&amp#27;[32mINFO &amp#27;[m] 2023-03-08 01:26:38,635 FrameworkInitialization.readBrowserConfig() - config.properties reading is successfully..
[&amp#27;[32mINFO &amp#27;[m] 2023-03-08 01:26:38,635 FrameworkInitialization.readBrowserConfig() - chrome.properties reading is successfully..
[&amp#27;[32mINFO &amp#27;[m] 2023-03-08 01:26:38,635 FrameworkInitialization.InitializeBrowser() - Operating System: mac os x
[&amp#27;[32mINFO &amp#27;[m] 2023-03-08 01:26:43,109 FrameworkInitialization.InitializeBrowser() - Chrome driver successfully initialized in LOCAL...
[&amp#27;[32mINFO &amp#27;[m] 2023-03-08 01:26:44,276 TestBase.beforeMethod() - Driver navigate To URL: https://www.saucedemo.com
[&amp#27;[32mINFO &amp#27;[m] 2023-03-08 01:26:44,750 TestBase.beforeMethod() - Before Method ended successfully...
[&amp#27;[32mINFO &amp#27;[m] 2023-03-08 01:26:44,750 TestNGListener.afterInvocation() - TestNG After Invocation calisti..
On Test Start
[&amp#27;[32mINFO &amp#27;[m] 2023-03-08 01:26:44,751 TestNGListener.beforeInvocation() - TestNG Before Invocation calisti..
[&amp#27;[32mINFO &amp#27;[m] 2023-03-08 01:26:44,811 DriverContext.WaitForPageToLoad() - Page is ready..
[&amp#27;[32mINFO &amp#27;[m] 2023-03-08 01:26:44,811 LoginPage.setUsername() - Setting User Name: locked_out_user
[&amp#27;[32mINFO &amp#27;[m] 2023-03-08 01:26:45,684 LoginPage.setPassword() - Setting Password: secret_sauce
[&amp#27;[32mINFO &amp#27;[m] 2023-03-08 01:26:45,890 LoginPage.clickLogin() - Clicking Login button..
[&amp#27;[32mINFO &amp#27;[m] 2023-03-08 01:26:47,473 TestNGListener.afterInvocation() - TestNG After Invocation calisti..
On Test Failure
]]></system-out>
    <system-err><![CDATA[Starting ChromeDriver 110.0.5481.77 (65ed616c6e8ee3fe0ad64fe83796c020644d42af-refs/branch-heads/5481@{#839}) on port 30774
Only local connections are allowed.
Please see https://chromedriver.chromium.org/security-considerations for suggestions on keeping ChromeDriver safe.
ChromeDriver was started successfully.
[1678228002.876][WARNING]: virtual void DevToolsClientImpl::AddListener(DevToolsEventListener *) subscribing a listener to the already connected DevToolsClient. Connection notification will not arrive.
Mar 08, 2023 1:26:43 AM org.openqa.selenium.devtools.CdpVersionFinder findNearestMatch
WARNING: Unable to find an exact match for CDP version 110, so returning the closest version found: 109
]]></system-err>
  </testcase>
</testsuite>