<?xml version="1.0" encoding="UTF-8"?>
<testng-results ignored="0" total="0" passed="0" failed="0" skipped="0">
  <reporter-output>
  </reporter-output>
  <suite started-at="2023-01-20T02:36:04 CET" name="Test Suite" finished-at="2023-01-20T02:36:04 CET" duration-ms="3">
    <groups>
    </groups>
    <test started-at="2023-01-20T02:36:04 CET" name="Frontend Test" finished-at="2023-01-20T02:36:04 CET" duration-ms="3">
    </test> <!-- Frontend Test -->
  </suite> <!-- Test Suite -->
</testng-results>
