<?xml version="1.0" encoding="UTF-8"?>
<testsuite xmlns:xsi="http://www.w3.org/2001/XMLSchema-instance" xsi:schemaLocation="https://maven.apache.org/surefire/maven-surefire-plugin/xsd/surefire-test-report.xsd" name="runners.runnerfileTests" time="7.13" tests="5" errors="0" skipped="0" failures="0">
  <properties>
[...]
</properties>
  <testcase name="As an owner, I like to add a pet profile and view the details" classname="Covering th Pet section from the swagger page" time="2.246"/>
  <testcase name="As an owner, I want to delete a pet profile and check whether it is deleted" classname="Covering th Pet section from the swagger page" time="1.312"/>
  <testcase name="As an owner, I want to Check whether “405” error message is thrown, when I try to delete a pet profile with invalid pet id" classname="Covering th Pet section from the swagger page" time="0.636"/>
  <testcase name="As an owner, I want to Check whether “400” error message is thrown, When ID is empty for adding a pet profile" classname="Covering th Pet section from the swagger page" time="0.635"/>
  <testcase name="As an owner, I want to update a pet’s profile" classname="Covering th Pet section from the swagger page" time="1.299"/>
</testsuite>