<?xml version="1.0" encoding="UTF-8"?>
<!-- Generated by org.testng.reporters.JUnitXMLReporter -->
<testsuite ignored="4" hostname="richardssaji-MacBook-Pro" failures="0" tests="6" name="Frontend Smoke Test" time="11.372" errors="0" timestamp="2023-01-19T00:06:18 CET">
  <testcase classname="tests.LoginPageTest" name="verifyInvalidLoginCredentials" time="3.331"/>
  <testcase classname="tests.LoginPageTest" name="verifyInvalidLoginCredentials" time="1.383"/>
  <testcase classname="tests.LoginPageTest" name="verifyLogin" time="2.307"/>
  <testcase classname="tests.InventoryTest" name="verifyRemovingFromCart" time="0.508"/>
  <testcase classname="tests.InventoryTest" name="verifyaddItemToCart" time="1.168"/>
  <testcase classname="tests.CheckoutTest" name="verifyCheckingOutAnItem" time="2.662"/>
  <testcase classname="pages.BasePage" name="@AfterSuite tearDown" time="0.0">
    <ignored/>
  </testcase> <!-- @AfterSuite tearDown -->
  <testcase classname="pages.BasePage" name="@AfterSuite tearDown" time="0.0">
    <ignored/>
  </testcase> <!-- @AfterSuite tearDown -->
  <testcase classname="pages.BasePage" name="@BeforeSuite setup1" time="0.0">
    <ignored/>
  </testcase> <!-- @BeforeSuite setup1 -->
  <testcase classname="pages.BasePage" name="@BeforeSuite setup1" time="0.0">
    <ignored/>
  </testcase> <!-- @BeforeSuite setup1 -->
</testsuite> <!-- Frontend Smoke Test -->
